2020-08-21 16:24:43.526 +02:00 [INF] Application started. Press Ctrl+C to shut down.
2020-08-21 16:24:43.687 +02:00 [INF] Request starting HTTP/1.1 GET http://localhost:3003/swagger  
2020-08-21 16:24:43.757 +02:00 [INF] Hosting environment: Development
2020-08-21 16:24:43.759 +02:00 [INF] Content root path: C:\Users\C#\source\repos\message_board\message_board
2020-08-21 16:24:43.897 +02:00 [INF] Request finished in 221.6812ms 301 
2020-08-21 16:24:43.905 +02:00 [INF] Request starting HTTP/1.1 GET http://localhost:3003/swagger/index.html  
2020-08-21 16:24:44.969 +02:00 [INF] Request finished in 1064.1326ms 200 text/html;charset=utf-8
2020-08-21 16:24:45.250 +02:00 [INF] Request starting HTTP/1.1 GET http://localhost:3003/swagger/swagger-ui.css  
2020-08-21 16:24:45.250 +02:00 [INF] Request starting HTTP/1.1 GET http://localhost:3003/swagger/swagger-ui-standalone-preset.js  
2020-08-21 16:24:45.251 +02:00 [INF] Request starting HTTP/1.1 GET http://localhost:3003/swagger/swagger-ui-bundle.js  
2020-08-21 16:24:45.818 +02:00 [INF] Sending file. Request path: '/swagger-ui.css'. Physical path: 'N/A'
2020-08-21 16:24:45.836 +02:00 [INF] Request finished in 581.9254ms 200 text/css
2020-08-21 16:24:45.837 +02:00 [INF] Sending file. Request path: '/swagger-ui-standalone-preset.js'. Physical path: 'N/A'
2020-08-21 16:24:45.837 +02:00 [INF] Request finished in 586.7075ms 200 application/javascript
2020-08-21 16:24:45.841 +02:00 [INF] Sending file. Request path: '/swagger-ui-bundle.js'. Physical path: 'N/A'
2020-08-21 16:24:45.841 +02:00 [INF] Request finished in 590.5723ms 200 application/javascript
2020-08-21 16:24:49.443 +02:00 [INF] Request starting HTTP/1.1 GET http://localhost:3003/swagger/swagger/v1/swagger.json  
2020-08-21 16:24:49.483 +02:00 [WRN] Failed to determine the https port for redirect.
2020-08-21 16:24:49.657 +02:00 [INF] Request finished in 239.4148ms 404 
2020-08-21 16:25:54.196 +02:00 [INF] Application started. Press Ctrl+C to shut down.
2020-08-21 16:25:54.282 +02:00 [INF] Request starting HTTP/1.1 GET http://localhost:3003/swagger/index.html  
2020-08-21 16:25:54.343 +02:00 [INF] Hosting environment: Development
2020-08-21 16:25:54.343 +02:00 [INF] Content root path: C:\Users\C#\source\repos\message_board\message_board
2020-08-21 16:25:54.780 +02:00 [INF] Request finished in 505.038ms 200 text/html;charset=utf-8
2020-08-21 16:25:57.236 +02:00 [INF] Request starting HTTP/1.1 GET http://localhost:3003/swagger/v1/swagger.json  
2020-08-21 16:25:57.718 +02:00 [INF] Request finished in 483.4239ms 200 application/json;charset=utf-8
2020-08-21 16:30:51.340 +02:00 [INF] Application started. Press Ctrl+C to shut down.
2020-08-21 16:30:51.419 +02:00 [INF] Request starting HTTP/1.1 GET http://localhost:3003/swagger/index.html  
2020-08-21 16:30:51.519 +02:00 [INF] Hosting environment: Development
2020-08-21 16:30:51.519 +02:00 [INF] Content root path: C:\Users\C#\source\repos\message_board\message_board
2020-08-21 16:30:52.217 +02:00 [INF] Request finished in 810.201ms 200 text/html;charset=utf-8
2020-08-21 16:30:55.289 +02:00 [INF] Request starting HTTP/1.1 GET http://localhost:3003/swagger/swagger/v1/swagger.json  
2020-08-21 16:30:55.372 +02:00 [WRN] Failed to determine the https port for redirect.
2020-08-21 16:30:55.585 +02:00 [INF] Request finished in 299.9857ms 404 
2020-08-21 16:32:09.176 +02:00 [INF] Application started. Press Ctrl+C to shut down.
2020-08-21 16:32:09.259 +02:00 [INF] Request starting HTTP/1.1 GET http://localhost:3003/swagger/index.html  
2020-08-21 16:32:09.341 +02:00 [INF] Hosting environment: Development
2020-08-21 16:32:09.341 +02:00 [INF] Content root path: C:\Users\C#\source\repos\message_board\message_board
2020-08-21 16:32:10.022 +02:00 [INF] Request finished in 781.097ms 200 text/html;charset=utf-8
2020-08-21 16:32:12.967 +02:00 [INF] Request starting HTTP/1.1 GET http://localhost:3003/swagger/v1/swagger.json  
2020-08-21 16:32:13.442 +02:00 [INF] Request finished in 483.6551ms 200 application/json;charset=utf-8
2020-08-21 16:33:06.746 +02:00 [INF] Application started. Press Ctrl+C to shut down.
2020-08-21 16:33:06.886 +02:00 [INF] Request starting HTTP/1.1 GET http://localhost:3003/swagger/index.html  
2020-08-21 16:33:07.052 +02:00 [INF] Hosting environment: Development
2020-08-21 16:33:07.052 +02:00 [INF] Content root path: C:\Users\C#\source\repos\message_board\message_board
2020-08-21 16:33:08.164 +02:00 [INF] Request finished in 1293.9461ms 200 text/html;charset=utf-8
2020-08-21 16:33:11.312 +02:00 [INF] Request starting HTTP/1.1 GET http://localhost:3003/swagger/v1/swagger.json  
2020-08-21 16:33:11.814 +02:00 [INF] Request finished in 502.4193ms 200 application/json;charset=utf-8
2020-08-21 16:36:36.514 +02:00 [INF] Application started. Press Ctrl+C to shut down.
2020-08-21 16:36:36.683 +02:00 [INF] Request starting HTTP/1.1 GET http://localhost:3003/swagger/index.html  
2020-08-21 16:36:36.722 +02:00 [INF] Hosting environment: Development
2020-08-21 16:36:36.723 +02:00 [INF] Content root path: C:\Users\C#\source\repos\message_board\message_board
2020-08-21 16:36:37.441 +02:00 [INF] Request finished in 832.5639ms 200 text/html;charset=utf-8
2020-08-21 16:36:39.872 +02:00 [INF] Request starting HTTP/1.1 GET http://localhost:3003/swagger/v1/swagger.json  
2020-08-21 16:36:40.369 +02:00 [INF] Request finished in 498.7239ms 200 application/json;charset=utf-8
2020-08-21 16:43:24.569 +02:00 [INF] Application started. Press Ctrl+C to shut down.
2020-08-21 16:43:24.709 +02:00 [INF] Request starting HTTP/1.1 GET http://localhost:3003/swagger/index.html  
2020-08-21 16:43:24.810 +02:00 [INF] Hosting environment: Development
2020-08-21 16:43:24.812 +02:00 [INF] Content root path: C:\Users\C#\source\repos\message_board\message_board
2020-08-21 16:43:24.958 +02:00 [WRN] Failed to determine the https port for redirect.
2020-08-21 16:43:25.102 +02:00 [INF] Request finished in 417.0236ms 404 
2020-08-21 16:53:32.337 +02:00 [INF] Application started. Press Ctrl+C to shut down.
2020-08-21 16:53:32.451 +02:00 [INF] Request starting HTTP/1.1 GET http://localhost:3003/swagger/  
2020-08-21 16:53:32.602 +02:00 [INF] Hosting environment: Development
2020-08-21 16:53:32.603 +02:00 [INF] Content root path: C:\Users\C#\source\repos\message_board\message_board
2020-08-21 16:53:32.710 +02:00 [WRN] Failed to determine the https port for redirect.
2020-08-21 16:53:32.931 +02:00 [INF] Request finished in 491.9413ms 404 
2020-08-21 16:54:04.626 +02:00 [INF] Application started. Press Ctrl+C to shut down.
2020-08-21 16:54:04.699 +02:00 [INF] Request starting HTTP/1.1 GET http://localhost:3003/swagger/index.html  
2020-08-21 16:54:04.876 +02:00 [INF] Hosting environment: Development
2020-08-21 16:54:04.876 +02:00 [INF] Content root path: C:\Users\C#\source\repos\message_board\message_board
2020-08-21 16:54:04.984 +02:00 [WRN] Failed to determine the https port for redirect.
2020-08-21 16:54:05.182 +02:00 [INF] Request finished in 497.7026ms 404 
2020-08-21 16:55:18.172 +02:00 [INF] Application started. Press Ctrl+C to shut down.
2020-08-21 16:55:18.239 +02:00 [INF] Request starting HTTP/1.1 GET http://localhost:3003/swagger/index.html  
2020-08-21 16:55:18.296 +02:00 [INF] Hosting environment: Development
2020-08-21 16:55:18.297 +02:00 [INF] Content root path: C:\Users\C#\source\repos\message_board\message_board
2020-08-21 16:55:18.516 +02:00 [INF] Request finished in 282.8881ms 200 text/html;charset=utf-8
2020-08-21 16:55:20.951 +02:00 [INF] Request starting HTTP/1.1 GET http://localhost:3003/swagger/v1/swagger.json  
2020-08-21 16:55:21.374 +02:00 [INF] Request finished in 432.1044ms 200 application/json;charset=utf-8
2020-08-21 17:01:55.695 +02:00 [INF] Application started. Press Ctrl+C to shut down.
2020-08-21 17:01:55.939 +02:00 [INF] Request starting HTTP/1.1 GET http://localhost:3003/swagger/index.html  
2020-08-21 17:01:56.038 +02:00 [INF] Hosting environment: Development
2020-08-21 17:01:56.042 +02:00 [INF] Content root path: C:\Users\C#\source\repos\message_board\message_board
2020-08-21 17:01:56.469 +02:00 [INF] Request finished in 545.6116ms 200 text/html;charset=utf-8
2020-08-21 17:02:02.102 +02:00 [INF] Request starting HTTP/1.1 GET http://localhost:3003/swagger/v1/swagger.json  
2020-08-21 17:02:03.294 +02:00 [INF] Request finished in 1196.8808ms 200 application/json;charset=utf-8
2020-08-21 17:14:15.631 +02:00 [INF] Application started. Press Ctrl+C to shut down.
2020-08-21 17:14:15.703 +02:00 [INF] Request starting HTTP/1.1 GET http://localhost:3003/swagger/index.html  
2020-08-21 17:14:15.775 +02:00 [INF] Hosting environment: Development
2020-08-21 17:14:15.777 +02:00 [INF] Content root path: C:\Users\C#\source\repos\message_board\message_board
2020-08-21 17:14:16.018 +02:00 [INF] Request finished in 324.7361ms 200 text/html;charset=utf-8
2020-08-21 17:14:18.966 +02:00 [INF] Request starting HTTP/1.1 GET http://localhost:3003/swagger/v1/swagger.json  
2020-08-21 17:14:19.504 +02:00 [INF] Request finished in 546.4339ms 200 application/json;charset=utf-8
2020-08-21 17:19:04.493 +02:00 [INF] Application started. Press Ctrl+C to shut down.
2020-08-21 17:19:04.628 +02:00 [INF] Request starting HTTP/1.1 GET http://localhost:3003/swagger/index.html  
2020-08-21 17:19:04.753 +02:00 [INF] Hosting environment: Development
2020-08-21 17:19:04.754 +02:00 [INF] Content root path: C:\Users\C#\source\repos\message_board\message_board
2020-08-21 17:19:05.062 +02:00 [INF] Request finished in 448.8365ms 200 text/html;charset=utf-8
2020-08-21 17:19:08.351 +02:00 [INF] Request starting HTTP/1.1 GET http://localhost:3003/swagger/v1/swagger.json  
2020-08-21 17:19:08.970 +02:00 [INF] Request finished in 591.6727ms 200 application/json;charset=utf-8
2020-08-21 17:23:13.832 +02:00 [INF] Application started. Press Ctrl+C to shut down.
2020-08-21 17:23:14.047 +02:00 [INF] Request starting HTTP/1.1 GET http://localhost:3003/swagger/index.html  
2020-08-21 17:23:14.078 +02:00 [INF] Hosting environment: Development
2020-08-21 17:23:14.079 +02:00 [INF] Content root path: C:\Users\C#\source\repos\message_board\message_board
2020-08-21 17:23:14.533 +02:00 [INF] Request finished in 385.1045ms 200 text/html;charset=utf-8
2020-08-21 17:23:17.793 +02:00 [INF] Request starting HTTP/1.1 GET http://localhost:3003/swagger/v1/swagger.json  
2020-08-21 17:23:18.306 +02:00 [INF] Request finished in 516.2389ms 200 application/json;charset=utf-8
2020-08-21 22:17:49.711 +02:00 [INF] Now listening on: http://[::]:80
2020-08-21 22:17:50.112 +02:00 [INF] Application started. Press Ctrl+C to shut down.
2020-08-21 22:17:50.113 +02:00 [INF] Hosting environment: Development
2020-08-21 22:17:50.114 +02:00 [INF] Content root path: C:\app
2020-08-21 22:18:04.774 +02:00 [INF] Request starting HTTP/1.1 GET http://localhost:3920/swagger  
2020-08-21 22:18:04.975 +02:00 [INF] Request finished in 201.4219ms 301 
2020-08-21 22:18:05.126 +02:00 [INF] Request starting HTTP/1.1 GET http://localhost:3920/swagger/index.html  
2020-08-21 22:18:05.412 +02:00 [INF] Request finished in 284.871ms 200 text/html;charset=utf-8
2020-08-21 22:18:05.536 +02:00 [INF] Request starting HTTP/1.1 GET http://localhost:3920/swagger/swagger-ui-bundle.js  
2020-08-21 22:18:05.537 +02:00 [INF] Request starting HTTP/1.1 GET http://localhost:3920/swagger/swagger-ui-standalone-preset.js  
2020-08-21 22:18:05.570 +02:00 [INF] Request starting HTTP/1.1 GET http://localhost:3920/swagger/swagger-ui.css  
2020-08-21 22:18:05.748 +02:00 [INF] Sending file. Request path: '/swagger-ui.css'. Physical path: 'N/A'
2020-08-21 22:18:05.753 +02:00 [INF] Request finished in 183.1667ms 200 text/css
2020-08-21 22:18:05.796 +02:00 [INF] Sending file. Request path: '/swagger-ui-standalone-preset.js'. Physical path: 'N/A'
2020-08-21 22:18:05.813 +02:00 [INF] Request finished in 276.5443ms 200 application/javascript
2020-08-21 22:18:05.887 +02:00 [INF] Sending file. Request path: '/swagger-ui-bundle.js'. Physical path: 'N/A'
2020-08-21 22:18:05.887 +02:00 [INF] Request finished in 351.7053ms 200 application/javascript
2020-08-21 22:18:08.669 +02:00 [INF] Request starting HTTP/1.1 GET http://localhost:3920/swagger/v1/swagger.json  
2020-08-21 22:18:09.061 +02:00 [INF] Request starting HTTP/1.1 GET http://localhost:3920/swagger/favicon-32x32.png  
2020-08-21 22:18:09.066 +02:00 [INF] Sending file. Request path: '/favicon-32x32.png'. Physical path: 'N/A'
2020-08-21 22:18:09.077 +02:00 [INF] Request finished in 15.0859ms 200 image/png
2020-08-21 22:18:09.175 +02:00 [INF] Request finished in 507.3886ms 200 application/json;charset=utf-8
2020-08-21 22:19:15.186 +02:00 [INF] Request starting HTTP/1.1 POST http://localhost:3920/api/TodoMessages application/json 171
2020-08-21 22:19:15.194 +02:00 [WRN] Failed to determine the https port for redirect.
2020-08-21 22:19:15.243 +02:00 [INF] Executing endpoint 'message_board.Controllers.TodoMessagesController.PostTodoMessage (message_board)'
2020-08-21 22:19:15.362 +02:00 [INF] Route matched with {action = "PostTodoMessage", controller = "TodoMessages"}. Executing controller action with signature System.Threading.Tasks.Task`1[Microsoft.AspNetCore.Mvc.ActionResult`1[message_board.Models.TodoMessage]] PostTodoMessage(message_board.Models.TodoMessage) on controller message_board.Controllers.TodoMessagesController (message_board).
2020-08-21 22:19:17.137 +02:00 [INF] Entity Framework Core 3.1.7 initialized 'TodoContext' using provider 'Microsoft.EntityFrameworkCore.InMemory' with options: StoreName=TodoList 
2020-08-21 22:19:17.414 +02:00 [INF] Saved 1 entities to in-memory store.
2020-08-21 22:19:17.428 +02:00 [INF] Post Added Successfully
2020-08-21 22:19:17.439 +02:00 [INF] Executing ObjectResult, writing value of type 'message_board.Models.TodoMessage'.
2020-08-21 22:19:17.579 +02:00 [INF] Executed action message_board.Controllers.TodoMessagesController.PostTodoMessage (message_board) in 2208.4484ms
2020-08-21 22:19:17.581 +02:00 [INF] Executed endpoint 'message_board.Controllers.TodoMessagesController.PostTodoMessage (message_board)'
2020-08-21 22:19:17.587 +02:00 [INF] Request finished in 2401.0768ms 201 application/json; charset=utf-8
2020-08-21 22:19:30.149 +02:00 [INF] Request starting HTTP/1.1 GET http://localhost:3920/api/TodoMessages  
2020-08-21 22:19:30.152 +02:00 [INF] Executing endpoint 'message_board.Controllers.TodoMessagesController.GetTodoMessage (message_board)'
2020-08-21 22:19:30.163 +02:00 [INF] Route matched with {action = "GetTodoMessage", controller = "TodoMessages"}. Executing controller action with signature System.Threading.Tasks.Task`1[Microsoft.AspNetCore.Mvc.ActionResult`1[System.Collections.Generic.IEnumerable`1[message_board.Models.TodoMessage]]] GetTodoMessage() on controller message_board.Controllers.TodoMessagesController (message_board).
2020-08-21 22:19:30.228 +02:00 [INF] Entity Framework Core 3.1.7 initialized 'TodoContext' using provider 'Microsoft.EntityFrameworkCore.InMemory' with options: StoreName=TodoList 
2020-08-21 22:19:30.535 +02:00 [INF] Executing ObjectResult, writing value of type 'System.Collections.Generic.List`1[[message_board.Models.TodoMessage, message_board, Version=1.0.0.0, Culture=neutral, PublicKeyToken=null]]'.
2020-08-21 22:19:30.537 +02:00 [INF] Executed action message_board.Controllers.TodoMessagesController.GetTodoMessage (message_board) in 371.8204ms
2020-08-21 22:19:30.538 +02:00 [INF] Executed endpoint 'message_board.Controllers.TodoMessagesController.GetTodoMessage (message_board)'
2020-08-21 22:19:30.541 +02:00 [INF] Request finished in 390.0771ms 200 application/json; charset=utf-8
2020-08-21 17:46:48.736 +02:00 [INF] Application started. Press Ctrl+C to shut down.
2020-08-21 17:46:48.882 +02:00 [INF] Request starting HTTP/1.1 GET http://localhost:3003/swagger/index.html  
2020-08-21 17:46:49.060 +02:00 [INF] Hosting environment: Development
2020-08-21 17:46:49.060 +02:00 [INF] Content root path: C:\Users\C#\source\repos\message_board\message_board
2020-08-21 17:46:49.422 +02:00 [INF] Request finished in 556.5363ms 200 text/html;charset=utf-8
2020-08-21 17:46:52.751 +02:00 [INF] Request starting HTTP/1.1 GET http://localhost:3003/swagger/v1/swagger.json  
2020-08-21 17:46:53.240 +02:00 [INF] Request finished in 489.5335ms 200 application/json;charset=utf-8
2020-08-21 17:57:01.459 +02:00 [INF] Application started. Press Ctrl+C to shut down.
2020-08-21 17:57:01.624 +02:00 [INF] Request starting HTTP/1.1 GET http://localhost:3003/swagger/index.html  
2020-08-21 17:57:01.702 +02:00 [INF] Hosting environment: Development
2020-08-21 17:57:01.704 +02:00 [INF] Content root path: C:\Users\C#\source\repos\message_board\message_board
2020-08-21 17:57:02.118 +02:00 [INF] Request finished in 534.1868ms 200 text/html;charset=utf-8
2020-08-21 17:57:05.730 +02:00 [INF] Request starting HTTP/1.1 GET http://localhost:3003/swagger/v1/swagger.json  
2020-08-21 17:57:06.218 +02:00 [INF] Request finished in 489.4866ms 200 application/json;charset=utf-8
2020-08-21 17:57:11.096 +02:00 [INF] Request starting HTTP/1.1 GET http://localhost:3003/api/TodoMessages  
2020-08-21 17:57:11.116 +02:00 [WRN] Failed to determine the https port for redirect.
2020-08-21 17:57:11.229 +02:00 [INF] Executing endpoint 'message_board.Controllers.TodoMessagesController.GetTodoMessage (message_board)'
2020-08-21 17:57:11.301 +02:00 [INF] Route matched with {action = "GetTodoMessage", controller = "TodoMessages"}. Executing controller action with signature System.Threading.Tasks.Task`1[Microsoft.AspNetCore.Mvc.ActionResult`1[System.Collections.Generic.IEnumerable`1[message_board.Models.TodoMessage]]] GetTodoMessage() on controller message_board.Controllers.TodoMessagesController (message_board).
2020-08-21 17:57:12.969 +02:00 [INF] Entity Framework Core 3.1.7 initialized 'TodoContext' using provider 'Microsoft.EntityFrameworkCore.InMemory' with options: StoreName=TodoList 
2020-08-21 17:57:13.603 +02:00 [INF] Executing ObjectResult, writing value of type 'System.Collections.Generic.List`1[[message_board.Models.TodoMessage, message_board, Version=1.0.0.0, Culture=neutral, PublicKeyToken=null]]'.
2020-08-21 17:57:13.652 +02:00 [INF] Executed action message_board.Controllers.TodoMessagesController.GetTodoMessage (message_board) in 2324.0257ms
2020-08-21 17:57:13.666 +02:00 [INF] Executed endpoint 'message_board.Controllers.TodoMessagesController.GetTodoMessage (message_board)'
2020-08-21 17:57:13.680 +02:00 [INF] Request finished in 2584.09ms 200 application/json; charset=utf-8
2020-08-21 17:57:16.721 +02:00 [INF] Request starting HTTP/1.1 GET http://localhost:3003/favicon.ico  
2020-08-21 17:57:16.730 +02:00 [INF] Request finished in 11.6754ms 404 
2020-08-21 22:17:46.902 +02:00 [INF] Now listening on: http://[::]:80
2020-08-21 22:17:47.101 +02:00 [INF] Application started. Press Ctrl+C to shut down.
2020-08-21 22:17:47.102 +02:00 [INF] Hosting environment: Development
2020-08-21 22:17:47.103 +02:00 [INF] Content root path: C:\app
2020-08-21 22:18:04.179 +02:00 [INF] Request starting HTTP/1.1 GET http://localhost:4833/swagger  
2020-08-21 22:18:04.386 +02:00 [INF] Request finished in 216.3887ms 301 
2020-08-21 22:18:04.539 +02:00 [INF] Request starting HTTP/1.1 GET http://localhost:4833/swagger/index.html  
2020-08-21 22:18:04.794 +02:00 [INF] Request finished in 255.8556ms 200 text/html;charset=utf-8
2020-08-21 22:18:05.182 +02:00 [INF] Request starting HTTP/1.1 GET http://localhost:4833/swagger/swagger-ui-bundle.js  
2020-08-21 22:18:05.183 +02:00 [INF] Request starting HTTP/1.1 GET http://localhost:4833/swagger/swagger-ui-standalone-preset.js  
2020-08-21 22:18:05.302 +02:00 [INF] Request starting HTTP/1.1 GET http://localhost:4833/swagger/swagger-ui.css  
2020-08-21 22:18:05.559 +02:00 [INF] Sending file. Request path: '/swagger-ui.css'. Physical path: 'N/A'
2020-08-21 22:18:05.566 +02:00 [INF] Request finished in 263.21860000000004ms 200 text/css
2020-08-21 22:18:05.600 +02:00 [INF] Sending file. Request path: '/swagger-ui-standalone-preset.js'. Physical path: 'N/A'
2020-08-21 22:18:05.605 +02:00 [INF] Request finished in 421.7287ms 200 application/javascript
2020-08-21 22:18:05.902 +02:00 [INF] Sending file. Request path: '/swagger-ui-bundle.js'. Physical path: 'N/A'
2020-08-21 22:18:05.911 +02:00 [INF] Request finished in 729.4648000000001ms 200 application/javascript
2020-08-21 22:18:09.519 +02:00 [INF] Request starting HTTP/1.1 GET http://localhost:4833/swagger/v1/swagger.json  
2020-08-21 22:18:09.738 +02:00 [INF] Request starting HTTP/1.1 GET http://localhost:4833/swagger/favicon-32x32.png  
2020-08-21 22:18:09.741 +02:00 [INF] Sending file. Request path: '/favicon-32x32.png'. Physical path: 'N/A'
2020-08-21 22:18:09.742 +02:00 [INF] Request finished in 4.3925ms 200 image/png
2020-08-21 22:18:09.858 +02:00 [INF] Request finished in 340.6538ms 200 application/json;charset=utf-8
