2020-08-23 14:01:02.966 +02:00 [INF] Now listening on: http://[::]:80
2020-08-23 14:01:03.288 +02:00 [INF] Application started. Press Ctrl+C to shut down.
2020-08-23 14:01:03.288 +02:00 [INF] Hosting environment: Development
2020-08-23 14:01:03.289 +02:00 [INF] Content root path: C:\app
2020-08-23 14:01:17.127 +02:00 [INF] Request starting HTTP/1.1 GET http://localhost:9415/swagger  
2020-08-23 14:01:17.287 +02:00 [INF] Request finished in 168.7033ms 301 
2020-08-23 14:01:17.380 +02:00 [INF] Request starting HTTP/1.1 GET http://localhost:9415/swagger/index.html  
2020-08-23 14:01:17.550 +02:00 [INF] Request finished in 169.2766ms 200 text/html;charset=utf-8
2020-08-23 14:01:17.733 +02:00 [INF] Request starting HTTP/1.1 GET http://localhost:9415/swagger/swagger-ui-standalone-preset.js  
2020-08-23 14:01:17.733 +02:00 [INF] Request starting HTTP/1.1 GET http://localhost:9415/swagger/swagger-ui-bundle.js  
2020-08-23 14:01:17.734 +02:00 [INF] Request starting HTTP/1.1 GET http://localhost:9415/swagger/swagger-ui.css  
2020-08-23 14:01:17.934 +02:00 [INF] Sending file. Request path: '/swagger-ui.css'. Physical path: 'N/A'
2020-08-23 14:01:17.944 +02:00 [INF] Request finished in 209.41910000000001ms 200 text/css
2020-08-23 14:01:17.954 +02:00 [INF] Sending file. Request path: '/swagger-ui-standalone-preset.js'. Physical path: 'N/A'
2020-08-23 14:01:17.958 +02:00 [INF] Request finished in 225.6217ms 200 application/javascript
2020-08-23 14:01:18.131 +02:00 [INF] Sending file. Request path: '/swagger-ui-bundle.js'. Physical path: 'N/A'
2020-08-23 14:01:18.134 +02:00 [INF] Request finished in 401.2149ms 200 application/javascript
2020-08-23 14:01:20.649 +02:00 [INF] Request starting HTTP/1.1 GET http://localhost:9415/swagger/v1/swagger.json  
2020-08-23 14:01:21.050 +02:00 [INF] Request finished in 401.13550000000004ms 200 application/json;charset=utf-8
2020-08-23 14:01:21.061 +02:00 [INF] Request starting HTTP/1.1 GET http://localhost:9415/swagger/favicon-32x32.png  
2020-08-23 14:01:21.063 +02:00 [INF] Sending file. Request path: '/favicon-32x32.png'. Physical path: 'N/A'
2020-08-23 14:01:21.064 +02:00 [INF] Request finished in 2.8576ms 200 image/png
2020-08-23 15:21:06.697 +02:00 [INF] Application started. Press Ctrl+C to shut down.
2020-08-23 15:21:06.862 +02:00 [INF] Request starting HTTP/1.1 GET http://localhost:3003/swagger/index.html  
2020-08-23 15:21:06.911 +02:00 [INF] Hosting environment: Development
2020-08-23 15:21:06.912 +02:00 [INF] Content root path: C:\Users\C#\source\repos\message_board\message_board
2020-08-23 15:21:07.214 +02:00 [INF] Request finished in 400.0286ms 200 text/html;charset=utf-8
2020-08-23 15:21:10.158 +02:00 [INF] Request starting HTTP/1.1 GET http://localhost:3003/swagger/v1/swagger.json  
2020-08-23 15:21:10.595 +02:00 [INF] Request finished in 437.7878ms 200 application/json;charset=utf-8
2020-08-23 16:22:05.491 +02:00 [INF] Application started. Press Ctrl+C to shut down.
2020-08-23 16:22:05.639 +02:00 [INF] Request starting HTTP/1.1 GET http://localhost:3003/swagger/index.html  
2020-08-23 16:22:05.877 +02:00 [INF] Hosting environment: Development
2020-08-23 16:22:05.878 +02:00 [INF] Content root path: C:\Users\C#\source\repos\message_board\message_board
2020-08-23 16:22:06.275 +02:00 [INF] Request finished in 640.3631ms 200 text/html;charset=utf-8
2020-08-23 16:22:10.757 +02:00 [INF] Request starting HTTP/1.1 GET http://localhost:3003/swagger/v1/swagger.json  
2020-08-23 16:22:11.484 +02:00 [INF] Request finished in 731.5138ms 200 application/json;charset=utf-8
2020-08-23 16:23:03.841 +02:00 [INF] Request starting HTTP/1.1 POST http://localhost:3003/api/TodoMessages application/json 140
2020-08-23 16:23:03.874 +02:00 [WRN] Failed to determine the https port for redirect.
2020-08-23 16:23:03.964 +02:00 [INF] Executing endpoint 'message_board.Controllers.TodoMessagesController.PostTodoMessage (message_board)'
2020-08-23 16:23:04.067 +02:00 [INF] Route matched with {action = "PostTodoMessage", controller = "TodoMessages"}. Executing controller action with signature System.Threading.Tasks.Task`1[Microsoft.AspNetCore.Mvc.ActionResult`1[message_board.Models.TodoMessage]] PostTodoMessage(message_board.Models.TodoMessage) on controller message_board.Controllers.TodoMessagesController (message_board).
2020-08-23 16:23:06.352 +02:00 [INF] Entity Framework Core 3.1.7 initialized 'TodoContext' using provider 'Microsoft.EntityFrameworkCore.InMemory' with options: StoreName=TodoList 
2020-08-23 16:23:06.813 +02:00 [INF] Saved 1 entities to in-memory store.
2020-08-23 16:23:06.836 +02:00 [INF] Post Added Successfully
2020-08-23 16:23:06.848 +02:00 [INF] Executing ObjectResult, writing value of type 'message_board.Models.TodoMessage'.
2020-08-23 16:23:07.035 +02:00 [INF] Executed action message_board.Controllers.TodoMessagesController.PostTodoMessage (message_board) in 2947.3785ms
2020-08-23 16:23:07.040 +02:00 [INF] Executed endpoint 'message_board.Controllers.TodoMessagesController.PostTodoMessage (message_board)'
2020-08-23 16:23:07.049 +02:00 [INF] Request finished in 3210.7994ms 201 application/json; charset=utf-8
2020-08-23 16:23:34.490 +02:00 [INF] Request starting HTTP/1.1 GET http://localhost:3003/api/TodoMessages  
2020-08-23 16:23:34.492 +02:00 [INF] Executing endpoint 'message_board.Controllers.TodoMessagesController.GetTodoMessage (message_board)'
2020-08-23 16:23:34.530 +02:00 [INF] Route matched with {action = "GetTodoMessage", controller = "TodoMessages"}. Executing controller action with signature System.Threading.Tasks.Task`1[Microsoft.AspNetCore.Mvc.ActionResult`1[System.Collections.Generic.IEnumerable`1[message_board.Models.TodoMessage]]] GetTodoMessage() on controller message_board.Controllers.TodoMessagesController (message_board).
2020-08-23 16:23:48.413 +02:00 [INF] Entity Framework Core 3.1.7 initialized 'TodoContext' using provider 'Microsoft.EntityFrameworkCore.InMemory' with options: StoreName=TodoList 
